\BOOKMARK [1][-]{section.1}{Introduction}{}% 1
\BOOKMARK [2][-]{subsection.1.1}{Original Project Background}{section.1}% 2
\BOOKMARK [2][-]{subsection.1.2}{Motivation for Replication}{section.1}% 3
\BOOKMARK [2][-]{subsection.1.3}{Overview of My Task}{section.1}% 4
\BOOKMARK [2][-]{subsection.1.4}{Layout for this Paper}{section.1}% 5
\BOOKMARK [2][-]{subsection.1.5}{Quick Note}{section.1}% 6
\BOOKMARK [1][-]{section.2}{Feature Creation}{}% 7
\BOOKMARK [2][-]{subsection.2.1}{Ngrams}{section.2}% 8
\BOOKMARK [2][-]{subsection.2.2}{Punctuation}{section.2}% 9
\BOOKMARK [2][-]{subsection.2.3}{Pyscholinguistic Features}{section.2}% 10
\BOOKMARK [2][-]{subsection.2.4}{Readablity}{section.2}% 11
\BOOKMARK [2][-]{subsection.2.5}{Syntax}{section.2}% 12
\BOOKMARK [2][-]{subsection.2.6}{Feature Creation Summary}{section.2}% 13
\BOOKMARK [1][-]{section.3}{Model Creation and Results}{}% 14
\BOOKMARK [2][-]{subsection.3.1}{Replication of FakeNewsAMT Classification}{section.3}% 15
\BOOKMARK [2][-]{subsection.3.2}{Replication of CelebrityNews Classification}{section.3}% 16
\BOOKMARK [2][-]{subsection.3.3}{Replication of Incremental Training Data Usage Learning Curve, FakeNewsAMT}{section.3}% 17
\BOOKMARK [2][-]{subsection.3.4}{Replication of Incremental Training Data Usage Learning Curve, CelebrityNews}{section.3}% 18
\BOOKMARK [2][-]{subsection.3.5}{Replication of Cross-Dataset Analysis}{section.3}% 19
\BOOKMARK [2][-]{subsection.3.6}{Replication of Cross-Domain Classification}{section.3}% 20
\BOOKMARK [2][-]{subsection.3.7}{Unreplicated Tasks}{section.3}% 21
\BOOKMARK [1][-]{section.4}{Extensions}{}% 22
\BOOKMARK [1][-]{section.5}{Discussion on Differences}{}% 23
\BOOKMARK [1][-]{section.6}{Conclusions and Lessons Learned}{}% 24
\BOOKMARK [1][-]{section.7}{Final Notes and Acknowledgement}{}% 25
